2025-03-18 16:52:45,603 - INFO - Starting WooCommerce category synchronization
2025-03-18 16:52:48,197 - INFO - Created category: (Main category) Hair (ID: 3117)
2025-03-18 16:52:48,237 - INFO - Created Odoo category: (Main category) Hair
2025-03-18 16:52:48,239 - INFO - Created category: 2022 LOOK BOOK (ID: 3393)
2025-03-18 16:52:48,246 - INFO - Created Odoo category: 2022 LOOK BOOK
2025-03-18 16:52:48,249 - INFO - Created category: 2023 LOOK BOOK (ID: 3394)
2025-03-18 16:52:48,256 - INFO - Created Odoo category: 2023 LOOK BOOK
2025-03-18 16:52:48,259 - INFO - Created category: 2023 New (ID: 3306)
2025-03-18 16:52:48,266 - INFO - Created Odoo category: 2023 New
2025-03-18 16:52:48,269 - INFO - Created category: 30D Extension Cluster (ID: 3384)
2025-03-18 16:52:48,274 - INFO - Created Odoo category: 30D Extension Cluster
2025-03-18 16:52:48,276 - INFO - Created category: A_Bundle listing (ID: 7908)
2025-03-18 16:52:48,282 - INFO - Created Odoo category: A_Bundle listing
2025-03-18 16:52:48,284 - INFO - Created category: Accessories (ID: 3217)
2025-03-18 16:52:48,291 - INFO - Created Odoo category: Accessories
2025-03-18 16:52:48,293 - INFO - Created category: All Mighty Bond (ID: 3174)
2025-03-18 16:52:48,298 - INFO - Created Odoo category: All Mighty Bond
2025-03-18 16:52:48,299 - INFO - Created category: All Over Satin Baseball Cap (ID: 3303)
2025-03-18 16:52:48,305 - INFO - Created Odoo category: All Over Satin Baseball Cap
2025-03-18 16:52:48,307 - INFO - Created category: Ancient Mayan Indian Healing Clay (ID: 3124)
2025-03-18 16:52:48,312 - INFO - Created Odoo category: Ancient Mayan Indian Healing Clay
2025-03-18 16:52:48,315 - INFO - Created category: Appliance Accessory (ID: 3327)
2025-03-18 16:52:48,321 - INFO - Created Odoo category: Appliance Accessory
2025-03-18 16:52:48,324 - INFO - Created category: Artificial Nails (ID: 3157)
2025-03-18 16:52:48,329 - INFO - Created Odoo category: Artificial Nails
2025-03-18 16:52:48,331 - INFO - Created category: Base (ID: 3416)
2025-03-18 16:52:48,336 - INFO - Created Odoo category: Base
2025-03-18 16:52:48,338 - INFO - Created category: Beauty Tool (ID: 3341)
2025-03-18 16:52:48,343 - INFO - Created Odoo category: Beauty Tool
2025-03-18 16:52:48,345 - INFO - Created category: BEST SELLER (ID: 3194)
2025-03-18 16:52:48,351 - INFO - Created Odoo category: BEST SELLER
2025-03-18 16:52:48,353 - INFO - Created category: BESTSELLER (ID: 3213)
2025-03-18 16:52:48,359 - INFO - Created Odoo category: BESTSELLER
2025-03-18 16:52:48,361 - INFO - Created category: BESTSELLER (ID: 3229)
2025-03-18 16:52:48,364 - INFO - Created category: Bestsellers (ID: 3134)
2025-03-18 16:52:48,371 - INFO - Created Odoo category: Bestsellers
2025-03-18 16:52:48,373 - INFO - Created category: BESTSELLERS (ID: 3241)
2025-03-18 16:52:48,378 - INFO - Created Odoo category: BESTSELLERS
2025-03-18 16:52:48,380 - INFO - Created category: Bestsellers (ID: 3307)
2025-03-18 16:52:48,384 - INFO - Created category: Biotin Strip Lash Glue Black (ID: 3391)
2025-03-18 16:52:48,389 - INFO - Created Odoo category: Biotin Strip Lash Glue Black
2025-03-18 16:52:48,391 - INFO - Created category: Bleach & Kits (ID: 3278)
2025-03-18 16:52:48,396 - INFO - Created Odoo category: Bleach & Kits
2025-03-18 16:52:48,398 - INFO - Created category: Blow Dryer (ID: 3323)
2025-03-18 16:52:48,403 - INFO - Created Odoo category: Blow Dryer
2025-03-18 16:52:48,405 - INFO - Created category: Blow Dryers (ID: 3264)
2025-03-18 16:52:48,412 - INFO - Created Odoo category: Blow Dryers
2025-03-18 16:52:48,415 - INFO - Created category: BLUE (ID: 3404)
2025-03-18 16:52:48,423 - INFO - Created Odoo category: BLUE
2025-03-18 16:52:48,426 - INFO - Created category: Blusher (ID: 3248)
2025-03-18 16:52:48,434 - INFO - Created Odoo category: Blusher
2025-03-18 16:52:48,437 - INFO - Created category: Blusher (ID: 3362)
2025-03-18 16:52:48,442 - INFO - Created category: Bow Wow (ID: 3139)
2025-03-18 16:52:48,451 - INFO - Created Odoo category: Bow Wow
2025-03-18 16:52:48,454 - INFO - Created category: Braid Charms (ID: 3273)
2025-03-18 16:52:48,465 - INFO - Created Odoo category: Braid Charms
2025-03-18 16:52:48,469 - INFO - Created category: Braid Style (ID: 3282)
2025-03-18 16:52:48,479 - INFO - Created Odoo category: Braid Style
2025-03-18 16:52:48,483 - INFO - Created category: Braid Styling (ID: 3336)
2025-03-18 16:52:48,492 - INFO - Created Odoo category: Braid Styling
2025-03-18 16:52:48,495 - INFO - Created category: Broadway (ID: 3180)
2025-03-18 16:52:48,505 - INFO - Created Odoo category: Broadway
2025-03-18 16:52:48,508 - INFO - Created category: Broadway Vita Lip (ID: 3348)
2025-03-18 16:52:48,516 - INFO - Created Odoo category: Broadway Vita Lip
2025-03-18 16:52:48,519 - INFO - Created category: Broadway Vita Lip (ID: 3407)
2025-03-18 16:52:48,523 - INFO - Created category: Brochas de maquillaje (ID: 3423)
2025-03-18 16:52:48,528 - INFO - Created Odoo category: Brochas de maquillaje
2025-03-18 16:52:48,530 - INFO - Created category: BROW (ID: 3208)
2025-03-18 16:52:48,534 - INFO - Created Odoo category: BROW
2025-03-18 16:52:48,536 - INFO - Created category: Brow (ID: 3315)
2025-03-18 16:52:48,542 - INFO - Created Odoo category: Brow
2025-03-18 16:52:48,545 - INFO - Created category: BROWN (ID: 3403)
2025-03-18 16:52:48,550 - INFO - Created Odoo category: BROWN
2025-03-18 16:52:48,552 - INFO - Created category: Brushes & Combs (ID: 3153)
2025-03-18 16:52:48,557 - INFO - Created Odoo category: Brushes & Combs
2025-03-18 16:52:48,559 - INFO - Created category: Brushes &amp; Combs (ID: 3165)
2025-03-18 16:52:48,567 - INFO - Created Odoo category: Brushes &amp; Combs
2025-03-18 16:52:48,569 - INFO - Created category: Brushes &amp; Combs (ID: 3169)
2025-03-18 16:52:48,572 - INFO - Created category: By Brand (ID: 3114)
2025-03-18 16:52:48,577 - INFO - Created Odoo category: By Brand
2025-03-18 16:52:48,579 - INFO - Created category: CARE (ID: 3370)
2025-03-18 16:52:48,586 - INFO - Created Odoo category: CARE
2025-03-18 16:52:48,588 - INFO - Created category: CARE (ID: 7881)
2025-03-18 16:52:48,591 - INFO - Created category: Cejas (ID: 3415)
2025-03-18 16:52:48,596 - INFO - Created Odoo category: Cejas
2025-03-18 16:52:48,598 - INFO - Created category: Classic (ID: 3430)
2025-03-18 16:52:48,603 - INFO - Created Odoo category: Classic
2025-03-18 16:52:48,605 - INFO - Created category: CLASSIC (ID: 3397)
2025-03-18 16:52:48,612 - INFO - Created Odoo category: CLASSIC
2025-03-18 16:52:48,615 - INFO - Created category: CLEAN & CARE (ID: 3199)
2025-03-18 16:52:48,623 - INFO - Created Odoo category: CLEAN & CARE
2025-03-18 16:52:48,625 - INFO - Created category: Clips & Pins (ID: 3271)
2025-03-18 16:52:48,633 - INFO - Created Odoo category: Clips & Pins
2025-03-18 16:52:48,637 - INFO - Created category: COLLECTIONS (ID: 3230)
2025-03-18 16:52:48,644 - INFO - Created Odoo category: COLLECTIONS
2025-03-18 16:52:48,648 - INFO - Created category: Collections (ID: 3308)
2025-03-18 16:52:48,657 - INFO - Created Odoo category: Collections
2025-03-18 16:52:48,660 - INFO - Created category: Color Accessories (ID: 3279)
2025-03-18 16:52:48,670 - INFO - Created Odoo category: Color Accessories
2025-03-18 16:52:48,672 - INFO - Created category: Color Accessories (ID: 3340)
2025-03-18 16:52:48,677 - INFO - Created category: Color Polish (ID: 3294)
2025-03-18 16:52:48,686 - INFO - Created Odoo category: Color Polish
2025-03-18 16:52:48,690 - INFO - Created category: COLORS (ID: 3231)
2025-03-18 16:52:48,700 - INFO - Created Odoo category: COLORS
2025-03-18 16:52:48,704 - INFO - Created category: Combs & Brushes (ID: 3330)
2025-03-18 16:52:48,713 - INFO - Created Odoo category: Combs & Brushes
2025-03-18 16:52:48,715 - INFO - Created category: Concealer (ID: 3245)
2025-03-18 16:52:48,721 - INFO - Created Odoo category: Concealer
2025-03-18 16:52:48,723 - INFO - Created category: Concealer (ID: 3359)
2025-03-18 16:52:48,726 - INFO - Created category: Contemporary (ID: 3431)
2025-03-18 16:52:48,730 - INFO - Created Odoo category: Contemporary
2025-03-18 16:52:48,733 - INFO - Created category: Contemporary (ID: 3400)
2025-03-18 16:52:48,736 - INFO - Created category: Contour (ID: 3420)
2025-03-18 16:52:48,740 - INFO - Created Odoo category: Contour
2025-03-18 16:52:48,742 - INFO - Created category: Contour (ID: 3247)
2025-03-18 16:52:48,745 - INFO - Created category: Contour (ID: 3361)
2025-03-18 16:52:48,748 - INFO - Created category: Corrector (ID: 3418)
2025-03-18 16:52:48,753 - INFO - Created Odoo category: Corrector
2025-03-18 16:52:48,754 - INFO - Created category: Cuidado Facial (ID: 3239)
2025-03-18 16:52:48,759 - INFO - Created Odoo category: Cuidado Facial
2025-03-18 16:52:48,761 - INFO - Created category: Curling Iron (ID: 3324)
2025-03-18 16:52:48,766 - INFO - Created Odoo category: Curling Iron
2025-03-18 16:52:48,768 - INFO - Created category: Curling Irons (ID: 3265)
2025-03-18 16:52:48,773 - INFO - Created Odoo category: Curling Irons
2025-03-18 16:52:48,774 - INFO - Created category: Delineador de Labios (ID: 3409)
2025-03-18 16:52:48,779 - INFO - Created Odoo category: Delineador de Labios
2025-03-18 16:52:48,782 - INFO - Created category: Delineador de Ojos (ID: 3413)
2025-03-18 16:52:48,788 - INFO - Created Odoo category: Delineador de Ojos
2025-03-18 16:52:48,790 - INFO - Created category: Durag & Caps (ID: 3344)
2025-03-18 16:52:48,795 - INFO - Created Odoo category: Durag & Caps
2025-03-18 16:52:48,797 - INFO - Created category: Durags (ID: 3164)
2025-03-18 16:52:48,803 - INFO - Created Odoo category: Durags
2025-03-18 16:52:48,805 - INFO - Created category: Edge Style (ID: 3280)
2025-03-18 16:52:48,810 - INFO - Created Odoo category: Edge Style
2025-03-18 16:52:48,812 - INFO - Created category: Edge Styling (ID: 3334)
2025-03-18 16:52:48,818 - INFO - Created Odoo category: Edge Styling
2025-03-18 16:52:48,820 - INFO - Created category: Elastics (ID: 3272)
2025-03-18 16:52:48,831 - INFO - Created Odoo category: Elastics
2025-03-18 16:52:48,835 - INFO - Created category: Esmalte de Uñas (ID: 3424)
2025-03-18 16:52:48,846 - INFO - Created Odoo category: Esmalte de Uñas
2025-03-18 16:52:48,849 - INFO - Created category: ESP)RUBYKISSES (ID: 3128)
2025-03-18 16:52:48,857 - INFO - Created Odoo category: ESP)RUBYKISSES
2025-03-18 16:52:48,859 - INFO - Created category: ESSENTIAL (ID: 3369)
2025-03-18 16:52:48,868 - INFO - Created Odoo category: ESSENTIAL
2025-03-18 16:52:48,872 - INFO - Created category: Extended Bond & Seal (ID: 3388)
2025-03-18 16:52:48,880 - INFO - Created Odoo category: Extended Bond & Seal
2025-03-18 16:52:48,883 - INFO - Created category: Extended Cluster Remover (ID: 3390)
2025-03-18 16:52:48,892 - INFO - Created Odoo category: Extended Cluster Remover
2025-03-18 16:52:48,895 - INFO - Created category: Extended Faux Mink Cluster (ID: 3375)
2025-03-18 16:52:48,903 - INFO - Created Odoo category: Extended Faux Mink Cluster
2025-03-18 16:52:48,908 - INFO - Created category: Extended Overnighter (ID: 3389)
2025-03-18 16:52:48,917 - INFO - Created Odoo category: Extended Overnighter
2025-03-18 16:52:48,920 - INFO - Created category: Eye (ID: 3143)
2025-03-18 16:52:48,927 - INFO - Created Odoo category: Eye
2025-03-18 16:52:48,929 - INFO - Created category: Eye (ID: 3215)
2025-03-18 16:52:48,932 - INFO - Created category: Eye Primer (ID: 3253)
2025-03-18 16:52:48,938 - INFO - Created Odoo category: Eye Primer
2025-03-18 16:52:48,940 - INFO - Created category: Eyebrow (ID: 3250)
2025-03-18 16:52:48,945 - INFO - Created Odoo category: Eyebrow
2025-03-18 16:52:48,947 - INFO - Created category: Eyeliner (ID: 3251)
2025-03-18 16:52:48,952 - INFO - Created Odoo category: Eyeliner
2025-03-18 16:52:48,954 - INFO - Created category: Eyeliner (ID: 3354)
2025-03-18 16:52:48,957 - INFO - Created category: Eyeshadow (ID: 3252)
2025-03-18 16:52:48,962 - INFO - Created Odoo category: Eyeshadow
2025-03-18 16:52:48,964 - INFO - Created category: Eyeshadow (ID: 3353)
2025-03-18 16:52:48,967 - INFO - Created category: Face (ID: 3142)
2025-03-18 16:52:48,972 - INFO - Created Odoo category: Face
2025-03-18 16:52:48,974 - INFO - Created category: FACE (ID: 3209)
2025-03-18 16:52:48,979 - INFO - Created Odoo category: FACE
2025-03-18 16:52:48,981 - INFO - Created category: Face (ID: 3216)
2025-03-18 16:52:48,983 - INFO - Created category: Fashion (ID: 3111)
2025-03-18 16:52:48,989 - INFO - Created Odoo category: Fashion
2025-03-18 16:52:48,991 - INFO - Created category: FAUX & MINK CLUSTER (ID: 3377)
2025-03-18 16:52:48,997 - INFO - Created Odoo category: FAUX & MINK CLUSTER
2025-03-18 16:52:48,999 - INFO - Created category: Faux Mink Volume Extension Cluster (ID: 3386)
2025-03-18 16:52:49,005 - INFO - Created Odoo category: Faux Mink Volume Extension Cluster
2025-03-18 16:52:49,007 - INFO - Created category: Featured (ID: 3106)
2025-03-18 16:52:49,012 - INFO - Created Odoo category: Featured
2025-03-18 16:52:49,015 - INFO - Created category: Flat Iron (ID: 3325)
2025-03-18 16:52:49,023 - INFO - Created Odoo category: Flat Iron
2025-03-18 16:52:49,028 - INFO - Created category: Flat Irons & Hair Straighteners (ID: 3266)
2025-03-18 16:52:49,039 - INFO - Created Odoo category: Flat Irons & Hair Straighteners
2025-03-18 16:52:49,043 - INFO - Created category: For Kids (ID: 3113)
2025-03-18 16:52:49,054 - INFO - Created Odoo category: For Kids
2025-03-18 16:52:49,058 - INFO - Created category: For Men (ID: 3112)
2025-03-18 16:52:49,067 - INFO - Created Odoo category: For Men
2025-03-18 16:52:49,085 - INFO - Updated parent relationship for category: All Mighty Bond
2025-03-18 16:52:49,097 - INFO - Updated parent relationship for category: Beauty Tool
2025-03-18 16:52:49,107 - INFO - Updated parent relationship for category: Bestsellers
2025-03-18 16:52:49,122 - INFO - Updated parent relationship for category: BLUE
2025-03-18 16:52:49,127 - INFO - Updated parent relationship for category: Blusher
2025-03-18 16:52:49,130 - INFO - Updated parent relationship for category: Blusher
2025-03-18 16:52:49,133 - INFO - Updated parent relationship for category: Bow Wow
2025-03-18 16:52:49,140 - INFO - Updated parent relationship for category: Broadway
2025-03-18 16:52:49,148 - INFO - Updated parent relationship for category: BROWN
2025-03-18 16:52:49,153 - INFO - Updated parent relationship for category: Brushes &amp; Combs
2025-03-18 16:52:49,156 - INFO - Updated parent relationship for category: Brushes &amp; Combs
2025-03-18 16:52:49,162 - INFO - Updated parent relationship for category: Classic
2025-03-18 16:52:49,166 - INFO - Updated parent relationship for category: CLASSIC
2025-03-18 16:52:49,177 - INFO - Updated parent relationship for category: Concealer
2025-03-18 16:52:49,181 - INFO - Updated parent relationship for category: Concealer
2025-03-18 16:52:49,184 - INFO - Updated parent relationship for category: Contemporary
2025-03-18 16:52:49,188 - INFO - Updated parent relationship for category: Contemporary
2025-03-18 16:52:49,192 - INFO - Updated parent relationship for category: Contour
2025-03-18 16:52:49,194 - INFO - Updated parent relationship for category: Contour
2025-03-18 16:52:49,200 - INFO - Updated parent relationship for category: Cuidado Facial
2025-03-18 16:52:49,207 - INFO - Updated parent relationship for category: Durags
2025-03-18 16:52:49,222 - INFO - Updated parent relationship for category: Eye Primer
2025-03-18 16:52:49,227 - INFO - Updated parent relationship for category: Eyebrow
2025-03-18 16:52:49,232 - INFO - Updated parent relationship for category: Eyeliner
2025-03-18 16:52:49,235 - INFO - Updated parent relationship for category: Eyeliner
2025-03-18 16:52:49,241 - INFO - Updated parent relationship for category: Eyeshadow
2025-03-18 16:52:49,244 - INFO - Updated parent relationship for category: Eyeshadow
2025-03-18 16:52:49,254 - INFO - Category synchronization completed. Success: 100, Failed: 0
